<<<<<<< HEAD
2015-12-17 16:38:39  [INFO]	User {$username} logged in.
2015-12-17 16:39:09  [INFO]	User {$username} logged in.
2015-12-17 16:42:05  [INFO]	User {$username} logged in.
2015-12-17 16:46:30  [INFO]	User {$username} logged in.
2015-12-17 16:46:57  [INFO]	User {$username} logged in.
2015-12-17 16:50:33  [INFO]	User {$username} logged in.
2015-12-17 16:56:36  [INFO]	User {$username} logged in.
2015-12-17 17:09:35  [INFO]	User {$username} logged in.
2015-12-17 17:54:42  [INFO]	User {$username} logged in.
=======
2015-12-17 15:09:28  [INFO]	User {$username} logged in.
2015-12-17 17:33:15  [ERROR]	User {$username} failed to log in!
2015-12-17 17:33:54  [ERROR]	User {$username} failed to log in!
2015-12-17 17:34:03  [ERROR]	User {$username} failed to log in!
2015-12-17 17:34:13  [ERROR]	User {$username} failed to log in!
2015-12-17 17:49:44  [INFO]	User {$username} logged in.
>>>>>>> master
2015-12-17 18:06:00  [INFO]	User {$username} logged in.
2015-12-17 19:39:59  [INFO]	User {$username} logged in.
2015-12-17 20:48:32  [INFO]	User {$username} logged in.
2015-12-17 20:51:52  [INFO]	User {$username} logged in.
2015-12-17 20:52:29  [ERROR]	User {$username} failed to log in!
2015-12-17 20:54:26  [ERROR]	User {$username} failed to log in!
2015-12-17 20:54:34  [ERROR]	User {$username} failed to log in!
2015-12-17 20:55:14  [INFO]	User {$username} logged in.
2015-12-17 20:55:44  [ERROR]	User {$username} failed to log in!
2015-12-17 21:01:00  [ERROR]	User {$username} failed to log in!
2015-12-17 21:01:22  [INFO]	User {$username} logged in.
2015-12-17 21:01:34  [INFO]	User {$username} logged in.
2015-12-17 21:02:10  [INFO]	User {$username} logged in.
2015-12-17 21:02:48  [ERROR]	User {$username} failed to log in!
2015-12-17 21:02:59  [INFO]	User {$username} logged in.
2015-12-17 21:03:53  [INFO]	User {$username} logged in.
2015-12-17 21:04:11  [ERROR]	User {$username} failed to log in!
2015-12-17 21:05:11  [INFO]	User {$username} logged in.
2015-12-17 21:05:26  [INFO]	User {$username} logged in.
2015-12-17 21:06:47  [ERROR]	User {$username} failed to log in!
2015-12-17 21:08:53  [INFO]	User {$username} logged in.
